<?xml version="1.0" encoding="UTF-8"?>
<testsuite xmlns:xsi="http://www.w3.org/2001/XMLSchema-instance" xsi:noNamespaceSchemaLocation="https://maven.apache.org/surefire/maven-failsafe-plugin/xsd/failsafe-test-report-3.0.xsd" version="3.0" name="com.nttdata.ct.runners.RunnerTest" time="38.964" tests="2" errors="0" skipped="0" failures="0">
  <properties>
    <property name="java.specification.version" value="17"/>
    <property name="sun.jnu.encoding" value="UTF-8"/>
    <property name="java.class.path" value="/Users/calcantv/Downloads/qs-lab-mobile-screenplay/target/test-classes:/Users/calcantv/Downloads/qs-lab-mobile-screenplay/target/qs-lab-mobile-screenplay-1.0-SNAPSHOT.jar:/Users/calcantv/.m2/repository/net/serenity-bdd/serenity-core/4.0.19/serenity-core-4.0.19.jar:/Users/calcantv/.m2/repository/net/serenity-bdd/serenity-model/4.0.19/serenity-model-4.0.19.jar:/Users/calcantv/.m2/repository/org/apache/commons/commons-text/1.11.0/commons-text-1.11.0.jar:/Users/calcantv/.m2/repository/commons-net/commons-net/3.10.0/commons-net-3.10.0.jar:/Users/calcantv/.m2/repository/com/google/guava/guava/32.1.3-jre/guava-32.1.3-jre.jar:/Users/calcantv/.m2/repository/com/google/guava/failureaccess/1.0.1/failureaccess-1.0.1.jar:/Users/calcantv/.m2/repository/com/google/guava/listenablefuture/9999.0-empty-to-avoid-conflict-with-guava/listenablefuture-9999.0-empty-to-avoid-conflict-with-guava.jar:/Users/calcantv/.m2/repository/com/google/code/findbugs/jsr305/3.0.2/jsr305-3.0.2.jar:/Users/calcantv/.m2/repository/org/checkerframework/checker-qual/3.37.0/checker-qual-3.37.0.jar:/Users/calcantv/.m2/repository/com/google/errorprone/error_prone_annotations/2.21.1/error_prone_annotations-2.21.1.jar:/Users/calcantv/.m2/repository/com/google/j2objc/j2objc-annotations/2.8/j2objc-annotations-2.8.jar:/Users/calcantv/.m2/repository/org/jsoup/jsoup/1.15.4/jsoup-1.15.4.jar:/Users/calcantv/.m2/repository/com/thoughtworks/xstream/xstream/1.4.20/xstream-1.4.20.jar:/Users/calcantv/.m2/repository/io/github/x-stream/mxparser/1.2.2/mxparser-1.2.2.jar:/Users/calcantv/.m2/repository/xmlpull/xmlpull/1.1.3.1/xmlpull-1.1.3.1.jar:/Users/calcantv/.m2/repository/com/typesafe/config/1.4.3/config-1.4.3.jar:/Users/calcantv/.m2/repository/org/imgscalr/imgscalr-lib/4.2/imgscalr-lib-4.2.jar:/Users/calcantv/.m2/repository/org/awaitility/awaitility/4.2.0/awaitility-4.2.0.jar:/Users/calcantv/.m2/repository/org/freemarker/freemarker/2.3.32/freemarker-2.3.32.jar:/Users/calcantv/.m2/repository/io/github/classgraph/classgraph/4.8.157/classgraph-4.8.157.jar:/Users/calcantv/.m2/repository/com/github/ben-manes/caffeine/caffeine/2.9.2/caffeine-2.9.2.jar:/Users/calcantv/.m2/repository/org/ehcache/ehcache/3.10.8/ehcache-3.10.8.jar:/Users/calcantv/.m2/repository/javax/cache/cache-api/1.1.0/cache-api-1.1.0.jar:/Users/calcantv/.m2/repository/net/sourceforge/jexcelapi/jxl/2.6.12/jxl-2.6.12.jar:/Users/calcantv/.m2/repository/net/bytebuddy/byte-buddy-agent/1.14.9/byte-buddy-agent-1.14.9.jar:/Users/calcantv/.m2/repository/org/objenesis/objenesis/3.3/objenesis-3.3.jar:/Users/calcantv/.m2/repository/com/vladsch/flexmark/flexmark-all/0.64.8/flexmark-all-0.64.8.jar:/Users/calcantv/.m2/repository/com/vladsch/flexmark/flexmark/0.64.8/flexmark-0.64.8.jar:/Users/calcantv/.m2/repository/com/vladsch/flexmark/flexmark-ext-abbreviation/0.64.8/flexmark-ext-abbreviation-0.64.8.jar:/Users/calcantv/.m2/repository/com/vladsch/flexmark/flexmark-ext-admonition/0.64.8/flexmark-ext-admonition-0.64.8.jar:/Users/calcantv/.m2/repository/com/vladsch/flexmark/flexmark-ext-anchorlink/0.64.8/flexmark-ext-anchorlink-0.64.8.jar:/Users/calcantv/.m2/repository/com/vladsch/flexmark/flexmark-ext-aside/0.64.8/flexmark-ext-aside-0.64.8.jar:/Users/calcantv/.m2/repository/com/vladsch/flexmark/flexmark-ext-attributes/0.64.8/flexmark-ext-attributes-0.64.8.jar:/Users/calcantv/.m2/repository/com/vladsch/flexmark/flexmark-ext-autolink/0.64.8/flexmark-ext-autolink-0.64.8.jar:/Users/calcantv/.m2/repository/org/nibor/autolink/autolink/0.6.0/autolink-0.6.0.jar:/Users/calcantv/.m2/repository/com/vladsch/flexmark/flexmark-ext-definition/0.64.8/flexmark-ext-definition-0.64.8.jar:/Users/calcantv/.m2/repository/com/vladsch/flexmark/flexmark-ext-emoji/0.64.8/flexmark-ext-emoji-0.64.8.jar:/Users/calcantv/.m2/repository/com/vladsch/flexmark/flexmark-ext-enumerated-reference/0.64.8/flexmark-ext-enumerated-reference-0.64.8.jar:/Users/calcantv/.m2/repository/com/vladsch/flexmark/flexmark-ext-escaped-character/0.64.8/flexmark-ext-escaped-character-0.64.8.jar:/Users/calcantv/.m2/repository/com/vladsch/flexmark/flexmark-ext-footnotes/0.64.8/flexmark-ext-footnotes-0.64.8.jar:/Users/calcantv/.m2/repository/com/vladsch/flexmark/flexmark-ext-gfm-issues/0.64.8/flexmark-ext-gfm-issues-0.64.8.jar:/Users/calcantv/.m2/repository/com/vladsch/flexmark/flexmark-ext-gfm-strikethrough/0.64.8/flexmark-ext-gfm-strikethrough-0.64.8.jar:/Users/calcantv/.m2/repository/com/vladsch/flexmark/flexmark-ext-gfm-tasklist/0.64.8/flexmark-ext-gfm-tasklist-0.64.8.jar:/Users/calcantv/.m2/repository/com/vladsch/flexmark/flexmark-ext-gfm-users/0.64.8/flexmark-ext-gfm-users-0.64.8.jar:/Users/calcantv/.m2/repository/com/vladsch/flexmark/flexmark-ext-gitlab/0.64.8/flexmark-ext-gitlab-0.64.8.jar:/Users/calcantv/.m2/repository/com/vladsch/flexmark/flexmark-ext-jekyll-front-matter/0.64.8/flexmark-ext-jekyll-front-matter-0.64.8.jar:/Users/calcantv/.m2/repository/com/vladsch/flexmark/flexmark-ext-jekyll-tag/0.64.8/flexmark-ext-jekyll-tag-0.64.8.jar:/Users/calcantv/.m2/repository/com/vladsch/flexmark/flexmark-ext-media-tags/0.64.8/flexmark-ext-media-tags-0.64.8.jar:/Users/calcantv/.m2/repository/com/vladsch/flexmark/flexmark-ext-macros/0.64.8/flexmark-ext-macros-0.64.8.jar:/Users/calcantv/.m2/repository/com/vladsch/flexmark/flexmark-ext-ins/0.64.8/flexmark-ext-ins-0.64.8.jar:/Users/calcantv/.m2/repository/com/vladsch/flexmark/flexmark-ext-xwiki-macros/0.64.8/flexmark-ext-xwiki-macros-0.64.8.jar:/Users/calcantv/.m2/repository/com/vladsch/flexmark/flexmark-ext-superscript/0.64.8/flexmark-ext-superscript-0.64.8.jar:/Users/calcantv/.m2/repository/com/vladsch/flexmark/flexmark-ext-toc/0.64.8/flexmark-ext-toc-0.64.8.jar:/Users/calcantv/.m2/repository/com/vladsch/flexmark/flexmark-ext-typographic/0.64.8/flexmark-ext-typographic-0.64.8.jar:/Users/calcantv/.m2/repository/com/vladsch/flexmark/flexmark-ext-wikilink/0.64.8/flexmark-ext-wikilink-0.64.8.jar:/Users/calcantv/.m2/repository/com/vladsch/flexmark/flexmark-ext-yaml-front-matter/0.64.8/flexmark-ext-yaml-front-matter-0.64.8.jar:/Users/calcantv/.m2/repository/com/vladsch/flexmark/flexmark-ext-youtube-embedded/0.64.8/flexmark-ext-youtube-embedded-0.64.8.jar:/Users/calcantv/.m2/repository/com/vladsch/flexmark/flexmark-html2md-converter/0.64.8/flexmark-html2md-converter-0.64.8.jar:/Users/calcantv/.m2/repository/com/vladsch/flexmark/flexmark-jira-converter/0.64.8/flexmark-jira-converter-0.64.8.jar:/Users/calcantv/.m2/repository/com/vladsch/flexmark/flexmark-pdf-converter/0.64.8/flexmark-pdf-converter-0.64.8.jar:/Users/calcantv/.m2/repository/com/openhtmltopdf/openhtmltopdf-core/1.0.10/openhtmltopdf-core-1.0.10.jar:/Users/calcantv/.m2/repository/com/openhtmltopdf/openhtmltopdf-pdfbox/1.0.10/openhtmltopdf-pdfbox-1.0.10.jar:/Users/calcantv/.m2/repository/org/apache/pdfbox/pdfbox/2.0.24/pdfbox-2.0.24.jar:/Users/calcantv/.m2/repository/org/apache/pdfbox/fontbox/2.0.24/fontbox-2.0.24.jar:/Users/calcantv/.m2/repository/org/apache/pdfbox/xmpbox/2.0.24/xmpbox-2.0.24.jar:/Users/calcantv/.m2/repository/de/rototor/pdfbox/graphics2d/0.32/graphics2d-0.32.jar:/Users/calcantv/.m2/repository/com/openhtmltopdf/openhtmltopdf-rtl-support/1.0.10/openhtmltopdf-rtl-support-1.0.10.jar:/Users/calcantv/.m2/repository/com/vladsch/flexmark/flexmark-profile-pegdown/0.64.8/flexmark-profile-pegdown-0.64.8.jar:/Users/calcantv/.m2/repository/com/vladsch/flexmark/flexmark-util-ast/0.64.8/flexmark-util-ast-0.64.8.jar:/Users/calcantv/.m2/repository/com/vladsch/flexmark/flexmark-util-builder/0.64.8/flexmark-util-builder-0.64.8.jar:/Users/calcantv/.m2/repository/com/vladsch/flexmark/flexmark-util-collection/0.64.8/flexmark-util-collection-0.64.8.jar:/Users/calcantv/.m2/repository/com/vladsch/flexmark/flexmark-util-data/0.64.8/flexmark-util-data-0.64.8.jar:/Users/calcantv/.m2/repository/com/vladsch/flexmark/flexmark-util-dependency/0.64.8/flexmark-util-dependency-0.64.8.jar:/Users/calcantv/.m2/repository/com/vladsch/flexmark/flexmark-util-format/0.64.8/flexmark-util-format-0.64.8.jar:/Users/calcantv/.m2/repository/com/vladsch/flexmark/flexmark-util-html/0.64.8/flexmark-util-html-0.64.8.jar:/Users/calcantv/.m2/repository/com/vladsch/flexmark/flexmark-util-misc/0.64.8/flexmark-util-misc-0.64.8.jar:/Users/calcantv/.m2/repository/com/vladsch/flexmark/flexmark-util-options/0.64.8/flexmark-util-options-0.64.8.jar:/Users/calcantv/.m2/repository/com/vladsch/flexmark/flexmark-util-sequence/0.64.8/flexmark-util-sequence-0.64.8.jar:/Users/calcantv/.m2/repository/com/vladsch/flexmark/flexmark-util-visitor/0.64.8/flexmark-util-visitor-0.64.8.jar:/Users/calcantv/.m2/repository/com/vladsch/flexmark/flexmark-youtrack-converter/0.64.8/flexmark-youtrack-converter-0.64.8.jar:/Users/calcantv/.m2/repository/com/vladsch/flexmark/flexmark-ext-resizable-image/0.64.8/flexmark-ext-resizable-image-0.64.8.jar:/Users/calcantv/.m2/repository/com/vladsch/flexmark/flexmark-ext-tables/0.64.8/flexmark-ext-tables-0.64.8.jar:/Users/calcantv/.m2/repository/com/vladsch/flexmark/flexmark-util/0.64.8/flexmark-util-0.64.8.jar:/Users/calcantv/.m2/repository/net/serenity-bdd/serenity-reports/4.0.19/serenity-reports-4.0.19.jar:/Users/calcantv/.m2/repository/net/serenity-bdd/serenity-stats/4.0.19/serenity-stats-4.0.19.jar:/Users/calcantv/.m2/repository/net/serenity-bdd/serenity-reports-configuration/4.0.19/serenity-reports-configuration-4.0.19.jar:/Users/calcantv/.m2/repository/com/ibm/icu/icu4j/72.1/icu4j-72.1.jar:/Users/calcantv/.m2/repository/es/nitaur/markdown/txtmark/0.16/txtmark-0.16.jar:/Users/calcantv/.m2/repository/net/serenity-bdd/serenity-report-resources/4.0.19/serenity-report-resources-4.0.19.jar:/Users/calcantv/.m2/repository/com/google/code/gson/gson/2.10.1/gson-2.10.1.jar:/Users/calcantv/.m2/repository/com/fasterxml/jackson/core/jackson-core/2.15.2/jackson-core-2.15.2.jar:/Users/calcantv/.m2/repository/com/fasterxml/jackson/core/jackson-databind/2.15.2/jackson-databind-2.15.2.jar:/Users/calcantv/.m2/repository/com/fasterxml/jackson/core/jackson-annotations/2.15.2/jackson-annotations-2.15.2.jar:/Users/calcantv/.m2/repository/commons-codec/commons-codec/1.16.0/commons-codec-1.16.0.jar:/Users/calcantv/.m2/repository/commons-io/commons-io/2.15.0/commons-io-2.15.0.jar:/Users/calcantv/.m2/repository/org/apache/httpcomponents/httpclient/4.5.13/httpclient-4.5.13.jar:/Users/calcantv/.m2/repository/commons-logging/commons-logging/1.2/commons-logging-1.2.jar:/Users/calcantv/.m2/repository/org/seleniumhq/selenium/selenium-java/4.14.1/selenium-java-4.14.1.jar:/Users/calcantv/.m2/repository/org/seleniumhq/selenium/selenium-devtools-v116/4.14.1/selenium-devtools-v116-4.14.1.jar:/Users/calcantv/.m2/repository/org/seleniumhq/selenium/selenium-devtools-v117/4.14.1/selenium-devtools-v117-4.14.1.jar:/Users/calcantv/.m2/repository/org/seleniumhq/selenium/selenium-devtools-v118/4.14.1/selenium-devtools-v118-4.14.1.jar:/Users/calcantv/.m2/repository/org/seleniumhq/selenium/selenium-devtools-v85/4.14.1/selenium-devtools-v85-4.14.1.jar:/Users/calcantv/.m2/repository/org/seleniumhq/selenium/selenium-remote-driver/4.14.1/selenium-remote-driver-4.14.1.jar:/Users/calcantv/.m2/repository/io/opentelemetry/opentelemetry-api/1.28.0/opentelemetry-api-1.28.0.jar:/Users/calcantv/.m2/repository/io/opentelemetry/opentelemetry-context/1.28.0/opentelemetry-context-1.28.0.jar:/Users/calcantv/.m2/repository/io/opentelemetry/opentelemetry-exporter-logging/1.28.0/opentelemetry-exporter-logging-1.28.0.jar:/Users/calcantv/.m2/repository/io/opentelemetry/opentelemetry-sdk-metrics/1.28.0/opentelemetry-sdk-metrics-1.28.0.jar:/Users/calcantv/.m2/repository/io/opentelemetry/opentelemetry-extension-incubator/1.28.0-alpha/opentelemetry-extension-incubator-1.28.0-alpha.jar:/Users/calcantv/.m2/repository/io/opentelemetry/opentelemetry-sdk-logs/1.28.0/opentelemetry-sdk-logs-1.28.0.jar:/Users/calcantv/.m2/repository/io/opentelemetry/opentelemetry-sdk-common/1.28.0/opentelemetry-sdk-common-1.28.0.jar:/Users/calcantv/.m2/repository/io/opentelemetry/opentelemetry-sdk-extension-autoconfigure-spi/1.28.0/opentelemetry-sdk-extension-autoconfigure-spi-1.28.0.jar:/Users/calcantv/.m2/repository/io/opentelemetry/opentelemetry-sdk-extension-autoconfigure/1.28.0/opentelemetry-sdk-extension-autoconfigure-1.28.0.jar:/Users/calcantv/.m2/repository/io/opentelemetry/opentelemetry-api-events/1.28.0-alpha/opentelemetry-api-events-1.28.0-alpha.jar:/Users/calcantv/.m2/repository/io/opentelemetry/opentelemetry-sdk-trace/1.28.0/opentelemetry-sdk-trace-1.28.0.jar:/Users/calcantv/.m2/repository/io/opentelemetry/opentelemetry-sdk/1.28.0/opentelemetry-sdk-1.28.0.jar:/Users/calcantv/.m2/repository/io/opentelemetry/opentelemetry-semconv/1.28.0-alpha/opentelemetry-semconv-1.28.0-alpha.jar:/Users/calcantv/.m2/repository/org/seleniumhq/selenium/selenium-os/4.14.1/selenium-os-4.14.1.jar:/Users/calcantv/.m2/repository/org/apache/commons/commons-exec/1.3/commons-exec-1.3.jar:/Users/calcantv/.m2/repository/org/seleniumhq/selenium/selenium-safari-driver/4.14.1/selenium-safari-driver-4.14.1.jar:/Users/calcantv/.m2/repository/org/seleniumhq/selenium/selenium-api/4.14.1/selenium-api-4.14.1.jar:/Users/calcantv/.m2/repository/org/seleniumhq/selenium/selenium-support/4.14.1/selenium-support-4.14.1.jar:/Users/calcantv/.m2/repository/com/google/auto/service/auto-service-annotations/1.1.1/auto-service-annotations-1.1.1.jar:/Users/calcantv/.m2/repository/org/seleniumhq/selenium/selenium-json/4.14.1/selenium-json-4.14.1.jar:/Users/calcantv/.m2/repository/org/seleniumhq/selenium/selenium-chrome-driver/4.14.1/selenium-chrome-driver-4.14.1.jar:/Users/calcantv/.m2/repository/org/seleniumhq/selenium/selenium-chromium-driver/4.14.1/selenium-chromium-driver-4.14.1.jar:/Users/calcantv/.m2/repository/org/seleniumhq/selenium/selenium-manager/4.14.1/selenium-manager-4.14.1.jar:/Users/calcantv/.m2/repository/org/seleniumhq/selenium/selenium-firefox-driver/4.14.1/selenium-firefox-driver-4.14.1.jar:/Users/calcantv/.m2/repository/org/seleniumhq/selenium/selenium-http/4.14.1/selenium-http-4.14.1.jar:/Users/calcantv/.m2/repository/dev/failsafe/failsafe/3.3.2/failsafe-3.3.2.jar:/Users/calcantv/.m2/repository/org/seleniumhq/selenium/selenium-edge-driver/4.14.1/selenium-edge-driver-4.14.1.jar:/Users/calcantv/.m2/repository/org/seleniumhq/selenium/selenium-ie-driver/4.14.1/selenium-ie-driver-4.14.1.jar:/Users/calcantv/.m2/repository/org/htmlunit/htmlunit/3.7.0/htmlunit-3.7.0.jar:/Users/calcantv/.m2/repository/org/htmlunit/htmlunit-core-js/3.7.0/htmlunit-core-js-3.7.0.jar:/Users/calcantv/.m2/repository/org/htmlunit/neko-htmlunit/3.7.0/neko-htmlunit-3.7.0.jar:/Users/calcantv/.m2/repository/org/htmlunit/htmlunit-cssparser/3.7.0/htmlunit-cssparser-3.7.0.jar:/Users/calcantv/.m2/repository/org/htmlunit/htmlunit-xpath/3.7.0/htmlunit-xpath-3.7.0.jar:/Users/calcantv/.m2/repository/org/brotli/dec/0.1.2/dec-0.1.2.jar:/Users/calcantv/.m2/repository/com/shapesecurity/salvation2/3.0.1/salvation2-3.0.1.jar:/Users/calcantv/.m2/repository/org/eclipse/jetty/websocket/websocket-client/9.4.53.v20231009/websocket-client-9.4.53.v20231009.jar:/Users/calcantv/.m2/repository/org/eclipse/jetty/jetty-client/9.4.53.v20231009/jetty-client-9.4.53.v20231009.jar:/Users/calcantv/.m2/repository/org/eclipse/jetty/jetty-http/9.4.53.v20231009/jetty-http-9.4.53.v20231009.jar:/Users/calcantv/.m2/repository/org/eclipse/jetty/jetty-util/9.4.53.v20231009/jetty-util-9.4.53.v20231009.jar:/Users/calcantv/.m2/repository/org/eclipse/jetty/jetty-io/9.4.53.v20231009/jetty-io-9.4.53.v20231009.jar:/Users/calcantv/.m2/repository/org/eclipse/jetty/websocket/websocket-common/9.4.53.v20231009/websocket-common-9.4.53.v20231009.jar:/Users/calcantv/.m2/repository/org/eclipse/jetty/websocket/websocket-api/9.4.53.v20231009/websocket-api-9.4.53.v20231009.jar:/Users/calcantv/.m2/repository/org/seleniumhq/selenium/htmlunit3-driver/4.14.1/htmlunit3-driver-4.14.1.jar:/Users/calcantv/.m2/repository/io/appium/java-client/9.0.0/java-client-9.0.0.jar:/Users/calcantv/.m2/repository/org/apache/groovy/groovy/4.0.13/groovy-4.0.13.jar:/Users/calcantv/.m2/repository/net/sf/opencsv/opencsv/2.1/opencsv-2.1.jar:/Users/calcantv/.m2/repository/org/apache/commons/commons-lang3/3.13.0/commons-lang3-3.13.0.jar:/Users/calcantv/.m2/repository/org/apache/commons/commons-compress/1.24.0/commons-compress-1.24.0.jar:/Users/calcantv/.m2/repository/org/fluentlenium/fluentlenium-core/0.10.2/fluentlenium-core-0.10.2.jar:/Users/calcantv/.m2/repository/com/jhlabs/filters/2.0.235/filters-2.0.235.jar:/Users/calcantv/.m2/repository/com/paulhammant/ngwebdriver/1.1.6/ngwebdriver-1.1.6.jar:/Users/calcantv/.m2/repository/joda-time/joda-time/2.12.5/joda-time-2.12.5.jar:/Users/calcantv/.m2/repository/org/hamcrest/hamcrest/2.2/hamcrest-2.2.jar:/Users/calcantv/.m2/repository/com/google/jimfs/jimfs/1.3.0/jimfs-1.3.0.jar:/Users/calcantv/.m2/repository/org/mockito/mockito-core/3.3.3/mockito-core-3.3.3.jar:/Users/calcantv/.m2/repository/javax/xml/bind/jaxb-api/2.3.1/jaxb-api-2.3.1.jar:/Users/calcantv/.m2/repository/javax/activation/javax.activation-api/1.2.0/javax.activation-api-1.2.0.jar:/Users/calcantv/.m2/repository/com/sun/xml/bind/jaxb-core/2.3.0.1/jaxb-core-2.3.0.1.jar:/Users/calcantv/.m2/repository/com/sun/xml/bind/jaxb-impl/2.3.3/jaxb-impl-2.3.3.jar:/Users/calcantv/.m2/repository/jakarta/xml/bind/jakarta.xml.bind-api/2.3.3/jakarta.xml.bind-api-2.3.3.jar:/Users/calcantv/.m2/repository/com/sun/activation/jakarta.activation/1.2.2/jakarta.activation-1.2.2.jar:/Users/calcantv/.m2/repository/javax/activation/activation/1.1.1/activation-1.1.1.jar:/Users/calcantv/.m2/repository/net/serenity-bdd/serenity-cucumber/4.0.19/serenity-cucumber-4.0.19.jar:/Users/calcantv/.m2/repository/io/cucumber/cucumber-core/7.14.0/cucumber-core-7.14.0.jar:/Users/calcantv/.m2/repository/io/cucumber/cucumber-gherkin/7.14.0/cucumber-gherkin-7.14.0.jar:/Users/calcantv/.m2/repository/io/cucumber/cucumber-gherkin-messages/7.14.0/cucumber-gherkin-messages-7.14.0.jar:/Users/calcantv/.m2/repository/io/cucumber/gherkin/26.2.0/gherkin-26.2.0.jar:/Users/calcantv/.m2/repository/io/cucumber/messages/22.0.0/messages-22.0.0.jar:/Users/calcantv/.m2/repository/io/cucumber/tag-expressions/5.0.6/tag-expressions-5.0.6.jar:/Users/calcantv/.m2/repository/io/cucumber/cucumber-expressions/16.1.2/cucumber-expressions-16.1.2.jar:/Users/calcantv/.m2/repository/io/cucumber/datatable/7.14.0/datatable-7.14.0.jar:/Users/calcantv/.m2/repository/io/cucumber/cucumber-plugin/7.14.0/cucumber-plugin-7.14.0.jar:/Users/calcantv/.m2/repository/io/cucumber/docstring/7.14.0/docstring-7.14.0.jar:/Users/calcantv/.m2/repository/io/cucumber/html-formatter/20.4.0/html-formatter-20.4.0.jar:/Users/calcantv/.m2/repository/io/cucumber/junit-xml-formatter/0.2.0/junit-xml-formatter-0.2.0.jar:/Users/calcantv/.m2/repository/io/cucumber/ci-environment/9.2.0/ci-environment-9.2.0.jar:/Users/calcantv/.m2/repository/io/cucumber/cucumber-java/7.14.0/cucumber-java-7.14.0.jar:/Users/calcantv/.m2/repository/io/cucumber/cucumber-junit/7.14.0/cucumber-junit-7.14.0.jar:/Users/calcantv/.m2/repository/org/apache/commons/commons-csv/1.5/commons-csv-1.5.jar:/Users/calcantv/.m2/repository/net/serenity-bdd/serenity-screenplay/4.0.19/serenity-screenplay-4.0.19.jar:/Users/calcantv/.m2/repository/net/serenity-bdd/serenity-screenplay-webdriver/4.0.19/serenity-screenplay-webdriver-4.0.19.jar:/Users/calcantv/.m2/repository/net/serenity-bdd/serenity-ensure/4.0.19/serenity-ensure-4.0.19.jar:/Users/calcantv/.m2/repository/org/jetbrains/kotlin/kotlin-stdlib/1.9.0/kotlin-stdlib-1.9.0.jar:/Users/calcantv/.m2/repository/org/jetbrains/kotlin/kotlin-stdlib-common/1.9.0/kotlin-stdlib-common-1.9.0.jar:/Users/calcantv/.m2/repository/org/jetbrains/annotations/13.0/annotations-13.0.jar:/Users/calcantv/.m2/repository/org/junit/platform/junit-platform-launcher/1.8.2/junit-platform-launcher-1.8.2.jar:/Users/calcantv/.m2/repository/org/junit/platform/junit-platform-engine/1.8.2/junit-platform-engine-1.8.2.jar:/Users/calcantv/.m2/repository/org/opentest4j/opentest4j/1.2.0/opentest4j-1.2.0.jar:/Users/calcantv/.m2/repository/org/junit/platform/junit-platform-commons/1.8.2/junit-platform-commons-1.8.2.jar:/Users/calcantv/.m2/repository/org/apiguardian/apiguardian-api/1.1.2/apiguardian-api-1.1.2.jar:/Users/calcantv/.m2/repository/org/junit/jupiter/junit-jupiter-engine/5.8.2/junit-jupiter-engine-5.8.2.jar:/Users/calcantv/.m2/repository/org/junit/jupiter/junit-jupiter-api/5.8.2/junit-jupiter-api-5.8.2.jar:/Users/calcantv/.m2/repository/org/junit/vintage/junit-vintage-engine/5.8.2/junit-vintage-engine-5.8.2.jar:/Users/calcantv/.m2/repository/junit/junit/4.13.2/junit-4.13.2.jar:/Users/calcantv/.m2/repository/org/hamcrest/hamcrest-core/1.3/hamcrest-core-1.3.jar:/Users/calcantv/.m2/repository/ch/qos/logback/logback-classic/1.2.10/logback-classic-1.2.10.jar:/Users/calcantv/.m2/repository/ch/qos/logback/logback-core/1.2.10/logback-core-1.2.10.jar:/Users/calcantv/.m2/repository/org/slf4j/slf4j-api/1.7.32/slf4j-api-1.7.32.jar:/Users/calcantv/.m2/repository/org/assertj/assertj-core/3.23.1/assertj-core-3.23.1.jar:/Users/calcantv/.m2/repository/net/bytebuddy/byte-buddy/1.12.10/byte-buddy-1.12.10.jar:/Users/calcantv/.m2/repository/io/rest-assured/rest-assured/5.3.2/rest-assured-5.3.2.jar:/Users/calcantv/.m2/repository/org/apache/groovy/groovy-xml/4.0.11/groovy-xml-4.0.11.jar:/Users/calcantv/.m2/repository/org/apache/httpcomponents/httpmime/4.5.13/httpmime-4.5.13.jar:/Users/calcantv/.m2/repository/org/ccil/cowan/tagsoup/tagsoup/1.2.1/tagsoup-1.2.1.jar:/Users/calcantv/.m2/repository/io/rest-assured/json-path/5.3.2/json-path-5.3.2.jar:/Users/calcantv/.m2/repository/org/apache/groovy/groovy-json/4.0.11/groovy-json-4.0.11.jar:/Users/calcantv/.m2/repository/io/rest-assured/rest-assured-common/5.3.2/rest-assured-common-5.3.2.jar:/Users/calcantv/.m2/repository/io/rest-assured/xml-path/5.3.2/xml-path-5.3.2.jar:/Users/calcantv/.m2/repository/net/serenity-bdd/serenity-browserstack/4.0.19/serenity-browserstack-4.0.19.jar:/Users/calcantv/.m2/repository/org/apache/httpcomponents/httpcore/4.4.15/httpcore-4.4.15.jar:/Users/calcantv/.m2/repository/com/browserstack/browserstack-local-java/1.0.6/browserstack-local-java-1.0.6.jar:/Users/calcantv/.m2/repository/org/json/json/20230227/json-20230227.jar:"/>
    <property name="java.vm.vendor" value="Oracle Corporation"/>
    <property name="sun.arch.data.model" value="64"/>
    <property name="java.vendor.url" value="https://java.oracle.com/"/>
    <property name="user.timezone" value="America/Lima"/>
    <property name="os.name" value="Mac OS X"/>
    <property name="java.vm.specification.version" value="17"/>
    <property name="sun.java.launcher" value="SUN_STANDARD"/>
    <property name="user.country" value="US"/>
    <property name="sun.boot.library.path" value="/Library/Java/JavaVirtualMachines/jdk-17.jdk/Contents/Home/lib"/>
    <property name="sun.java.command" value="/Users/calcantv/Downloads/qs-lab-mobile-screenplay/target/surefire/surefirebooter-20250109182514474_3.jar /Users/calcantv/Downloads/qs-lab-mobile-screenplay/target/surefire 2025-01-09T18-25-14_425-jvmRun1 surefire-20250109182514474_1tmp surefire_0-20250109182514474_2tmp"/>
    <property name="jdk.debug" value="release"/>
    <property name="surefire.test.class.path" value="/Users/calcantv/Downloads/qs-lab-mobile-screenplay/target/test-classes:/Users/calcantv/Downloads/qs-lab-mobile-screenplay/target/qs-lab-mobile-screenplay-1.0-SNAPSHOT.jar:/Users/calcantv/.m2/repository/net/serenity-bdd/serenity-core/4.0.19/serenity-core-4.0.19.jar:/Users/calcantv/.m2/repository/net/serenity-bdd/serenity-model/4.0.19/serenity-model-4.0.19.jar:/Users/calcantv/.m2/repository/org/apache/commons/commons-text/1.11.0/commons-text-1.11.0.jar:/Users/calcantv/.m2/repository/commons-net/commons-net/3.10.0/commons-net-3.10.0.jar:/Users/calcantv/.m2/repository/com/google/guava/guava/32.1.3-jre/guava-32.1.3-jre.jar:/Users/calcantv/.m2/repository/com/google/guava/failureaccess/1.0.1/failureaccess-1.0.1.jar:/Users/calcantv/.m2/repository/com/google/guava/listenablefuture/9999.0-empty-to-avoid-conflict-with-guava/listenablefuture-9999.0-empty-to-avoid-conflict-with-guava.jar:/Users/calcantv/.m2/repository/com/google/code/findbugs/jsr305/3.0.2/jsr305-3.0.2.jar:/Users/calcantv/.m2/repository/org/checkerframework/checker-qual/3.37.0/checker-qual-3.37.0.jar:/Users/calcantv/.m2/repository/com/google/errorprone/error_prone_annotations/2.21.1/error_prone_annotations-2.21.1.jar:/Users/calcantv/.m2/repository/com/google/j2objc/j2objc-annotations/2.8/j2objc-annotations-2.8.jar:/Users/calcantv/.m2/repository/org/jsoup/jsoup/1.15.4/jsoup-1.15.4.jar:/Users/calcantv/.m2/repository/com/thoughtworks/xstream/xstream/1.4.20/xstream-1.4.20.jar:/Users/calcantv/.m2/repository/io/github/x-stream/mxparser/1.2.2/mxparser-1.2.2.jar:/Users/calcantv/.m2/repository/xmlpull/xmlpull/1.1.3.1/xmlpull-1.1.3.1.jar:/Users/calcantv/.m2/repository/com/typesafe/config/1.4.3/config-1.4.3.jar:/Users/calcantv/.m2/repository/org/imgscalr/imgscalr-lib/4.2/imgscalr-lib-4.2.jar:/Users/calcantv/.m2/repository/org/awaitility/awaitility/4.2.0/awaitility-4.2.0.jar:/Users/calcantv/.m2/repository/org/freemarker/freemarker/2.3.32/freemarker-2.3.32.jar:/Users/calcantv/.m2/repository/io/github/classgraph/classgraph/4.8.157/classgraph-4.8.157.jar:/Users/calcantv/.m2/repository/com/github/ben-manes/caffeine/caffeine/2.9.2/caffeine-2.9.2.jar:/Users/calcantv/.m2/repository/org/ehcache/ehcache/3.10.8/ehcache-3.10.8.jar:/Users/calcantv/.m2/repository/javax/cache/cache-api/1.1.0/cache-api-1.1.0.jar:/Users/calcantv/.m2/repository/net/sourceforge/jexcelapi/jxl/2.6.12/jxl-2.6.12.jar:/Users/calcantv/.m2/repository/net/bytebuddy/byte-buddy-agent/1.14.9/byte-buddy-agent-1.14.9.jar:/Users/calcantv/.m2/repository/org/objenesis/objenesis/3.3/objenesis-3.3.jar:/Users/calcantv/.m2/repository/com/vladsch/flexmark/flexmark-all/0.64.8/flexmark-all-0.64.8.jar:/Users/calcantv/.m2/repository/com/vladsch/flexmark/flexmark/0.64.8/flexmark-0.64.8.jar:/Users/calcantv/.m2/repository/com/vladsch/flexmark/flexmark-ext-abbreviation/0.64.8/flexmark-ext-abbreviation-0.64.8.jar:/Users/calcantv/.m2/repository/com/vladsch/flexmark/flexmark-ext-admonition/0.64.8/flexmark-ext-admonition-0.64.8.jar:/Users/calcantv/.m2/repository/com/vladsch/flexmark/flexmark-ext-anchorlink/0.64.8/flexmark-ext-anchorlink-0.64.8.jar:/Users/calcantv/.m2/repository/com/vladsch/flexmark/flexmark-ext-aside/0.64.8/flexmark-ext-aside-0.64.8.jar:/Users/calcantv/.m2/repository/com/vladsch/flexmark/flexmark-ext-attributes/0.64.8/flexmark-ext-attributes-0.64.8.jar:/Users/calcantv/.m2/repository/com/vladsch/flexmark/flexmark-ext-autolink/0.64.8/flexmark-ext-autolink-0.64.8.jar:/Users/calcantv/.m2/repository/org/nibor/autolink/autolink/0.6.0/autolink-0.6.0.jar:/Users/calcantv/.m2/repository/com/vladsch/flexmark/flexmark-ext-definition/0.64.8/flexmark-ext-definition-0.64.8.jar:/Users/calcantv/.m2/repository/com/vladsch/flexmark/flexmark-ext-emoji/0.64.8/flexmark-ext-emoji-0.64.8.jar:/Users/calcantv/.m2/repository/com/vladsch/flexmark/flexmark-ext-enumerated-reference/0.64.8/flexmark-ext-enumerated-reference-0.64.8.jar:/Users/calcantv/.m2/repository/com/vladsch/flexmark/flexmark-ext-escaped-character/0.64.8/flexmark-ext-escaped-character-0.64.8.jar:/Users/calcantv/.m2/repository/com/vladsch/flexmark/flexmark-ext-footnotes/0.64.8/flexmark-ext-footnotes-0.64.8.jar:/Users/calcantv/.m2/repository/com/vladsch/flexmark/flexmark-ext-gfm-issues/0.64.8/flexmark-ext-gfm-issues-0.64.8.jar:/Users/calcantv/.m2/repository/com/vladsch/flexmark/flexmark-ext-gfm-strikethrough/0.64.8/flexmark-ext-gfm-strikethrough-0.64.8.jar:/Users/calcantv/.m2/repository/com/vladsch/flexmark/flexmark-ext-gfm-tasklist/0.64.8/flexmark-ext-gfm-tasklist-0.64.8.jar:/Users/calcantv/.m2/repository/com/vladsch/flexmark/flexmark-ext-gfm-users/0.64.8/flexmark-ext-gfm-users-0.64.8.jar:/Users/calcantv/.m2/repository/com/vladsch/flexmark/flexmark-ext-gitlab/0.64.8/flexmark-ext-gitlab-0.64.8.jar:/Users/calcantv/.m2/repository/com/vladsch/flexmark/flexmark-ext-jekyll-front-matter/0.64.8/flexmark-ext-jekyll-front-matter-0.64.8.jar:/Users/calcantv/.m2/repository/com/vladsch/flexmark/flexmark-ext-jekyll-tag/0.64.8/flexmark-ext-jekyll-tag-0.64.8.jar:/Users/calcantv/.m2/repository/com/vladsch/flexmark/flexmark-ext-media-tags/0.64.8/flexmark-ext-media-tags-0.64.8.jar:/Users/calcantv/.m2/repository/com/vladsch/flexmark/flexmark-ext-macros/0.64.8/flexmark-ext-macros-0.64.8.jar:/Users/calcantv/.m2/repository/com/vladsch/flexmark/flexmark-ext-ins/0.64.8/flexmark-ext-ins-0.64.8.jar:/Users/calcantv/.m2/repository/com/vladsch/flexmark/flexmark-ext-xwiki-macros/0.64.8/flexmark-ext-xwiki-macros-0.64.8.jar:/Users/calcantv/.m2/repository/com/vladsch/flexmark/flexmark-ext-superscript/0.64.8/flexmark-ext-superscript-0.64.8.jar:/Users/calcantv/.m2/repository/com/vladsch/flexmark/flexmark-ext-toc/0.64.8/flexmark-ext-toc-0.64.8.jar:/Users/calcantv/.m2/repository/com/vladsch/flexmark/flexmark-ext-typographic/0.64.8/flexmark-ext-typographic-0.64.8.jar:/Users/calcantv/.m2/repository/com/vladsch/flexmark/flexmark-ext-wikilink/0.64.8/flexmark-ext-wikilink-0.64.8.jar:/Users/calcantv/.m2/repository/com/vladsch/flexmark/flexmark-ext-yaml-front-matter/0.64.8/flexmark-ext-yaml-front-matter-0.64.8.jar:/Users/calcantv/.m2/repository/com/vladsch/flexmark/flexmark-ext-youtube-embedded/0.64.8/flexmark-ext-youtube-embedded-0.64.8.jar:/Users/calcantv/.m2/repository/com/vladsch/flexmark/flexmark-html2md-converter/0.64.8/flexmark-html2md-converter-0.64.8.jar:/Users/calcantv/.m2/repository/com/vladsch/flexmark/flexmark-jira-converter/0.64.8/flexmark-jira-converter-0.64.8.jar:/Users/calcantv/.m2/repository/com/vladsch/flexmark/flexmark-pdf-converter/0.64.8/flexmark-pdf-converter-0.64.8.jar:/Users/calcantv/.m2/repository/com/openhtmltopdf/openhtmltopdf-core/1.0.10/openhtmltopdf-core-1.0.10.jar:/Users/calcantv/.m2/repository/com/openhtmltopdf/openhtmltopdf-pdfbox/1.0.10/openhtmltopdf-pdfbox-1.0.10.jar:/Users/calcantv/.m2/repository/org/apache/pdfbox/pdfbox/2.0.24/pdfbox-2.0.24.jar:/Users/calcantv/.m2/repository/org/apache/pdfbox/fontbox/2.0.24/fontbox-2.0.24.jar:/Users/calcantv/.m2/repository/org/apache/pdfbox/xmpbox/2.0.24/xmpbox-2.0.24.jar:/Users/calcantv/.m2/repository/de/rototor/pdfbox/graphics2d/0.32/graphics2d-0.32.jar:/Users/calcantv/.m2/repository/com/openhtmltopdf/openhtmltopdf-rtl-support/1.0.10/openhtmltopdf-rtl-support-1.0.10.jar:/Users/calcantv/.m2/repository/com/vladsch/flexmark/flexmark-profile-pegdown/0.64.8/flexmark-profile-pegdown-0.64.8.jar:/Users/calcantv/.m2/repository/com/vladsch/flexmark/flexmark-util-ast/0.64.8/flexmark-util-ast-0.64.8.jar:/Users/calcantv/.m2/repository/com/vladsch/flexmark/flexmark-util-builder/0.64.8/flexmark-util-builder-0.64.8.jar:/Users/calcantv/.m2/repository/com/vladsch/flexmark/flexmark-util-collection/0.64.8/flexmark-util-collection-0.64.8.jar:/Users/calcantv/.m2/repository/com/vladsch/flexmark/flexmark-util-data/0.64.8/flexmark-util-data-0.64.8.jar:/Users/calcantv/.m2/repository/com/vladsch/flexmark/flexmark-util-dependency/0.64.8/flexmark-util-dependency-0.64.8.jar:/Users/calcantv/.m2/repository/com/vladsch/flexmark/flexmark-util-format/0.64.8/flexmark-util-format-0.64.8.jar:/Users/calcantv/.m2/repository/com/vladsch/flexmark/flexmark-util-html/0.64.8/flexmark-util-html-0.64.8.jar:/Users/calcantv/.m2/repository/com/vladsch/flexmark/flexmark-util-misc/0.64.8/flexmark-util-misc-0.64.8.jar:/Users/calcantv/.m2/repository/com/vladsch/flexmark/flexmark-util-options/0.64.8/flexmark-util-options-0.64.8.jar:/Users/calcantv/.m2/repository/com/vladsch/flexmark/flexmark-util-sequence/0.64.8/flexmark-util-sequence-0.64.8.jar:/Users/calcantv/.m2/repository/com/vladsch/flexmark/flexmark-util-visitor/0.64.8/flexmark-util-visitor-0.64.8.jar:/Users/calcantv/.m2/repository/com/vladsch/flexmark/flexmark-youtrack-converter/0.64.8/flexmark-youtrack-converter-0.64.8.jar:/Users/calcantv/.m2/repository/com/vladsch/flexmark/flexmark-ext-resizable-image/0.64.8/flexmark-ext-resizable-image-0.64.8.jar:/Users/calcantv/.m2/repository/com/vladsch/flexmark/flexmark-ext-tables/0.64.8/flexmark-ext-tables-0.64.8.jar:/Users/calcantv/.m2/repository/com/vladsch/flexmark/flexmark-util/0.64.8/flexmark-util-0.64.8.jar:/Users/calcantv/.m2/repository/net/serenity-bdd/serenity-reports/4.0.19/serenity-reports-4.0.19.jar:/Users/calcantv/.m2/repository/net/serenity-bdd/serenity-stats/4.0.19/serenity-stats-4.0.19.jar:/Users/calcantv/.m2/repository/net/serenity-bdd/serenity-reports-configuration/4.0.19/serenity-reports-configuration-4.0.19.jar:/Users/calcantv/.m2/repository/com/ibm/icu/icu4j/72.1/icu4j-72.1.jar:/Users/calcantv/.m2/repository/es/nitaur/markdown/txtmark/0.16/txtmark-0.16.jar:/Users/calcantv/.m2/repository/net/serenity-bdd/serenity-report-resources/4.0.19/serenity-report-resources-4.0.19.jar:/Users/calcantv/.m2/repository/com/google/code/gson/gson/2.10.1/gson-2.10.1.jar:/Users/calcantv/.m2/repository/com/fasterxml/jackson/core/jackson-core/2.15.2/jackson-core-2.15.2.jar:/Users/calcantv/.m2/repository/com/fasterxml/jackson/core/jackson-databind/2.15.2/jackson-databind-2.15.2.jar:/Users/calcantv/.m2/repository/com/fasterxml/jackson/core/jackson-annotations/2.15.2/jackson-annotations-2.15.2.jar:/Users/calcantv/.m2/repository/commons-codec/commons-codec/1.16.0/commons-codec-1.16.0.jar:/Users/calcantv/.m2/repository/commons-io/commons-io/2.15.0/commons-io-2.15.0.jar:/Users/calcantv/.m2/repository/org/apache/httpcomponents/httpclient/4.5.13/httpclient-4.5.13.jar:/Users/calcantv/.m2/repository/commons-logging/commons-logging/1.2/commons-logging-1.2.jar:/Users/calcantv/.m2/repository/org/seleniumhq/selenium/selenium-java/4.14.1/selenium-java-4.14.1.jar:/Users/calcantv/.m2/repository/org/seleniumhq/selenium/selenium-devtools-v116/4.14.1/selenium-devtools-v116-4.14.1.jar:/Users/calcantv/.m2/repository/org/seleniumhq/selenium/selenium-devtools-v117/4.14.1/selenium-devtools-v117-4.14.1.jar:/Users/calcantv/.m2/repository/org/seleniumhq/selenium/selenium-devtools-v118/4.14.1/selenium-devtools-v118-4.14.1.jar:/Users/calcantv/.m2/repository/org/seleniumhq/selenium/selenium-devtools-v85/4.14.1/selenium-devtools-v85-4.14.1.jar:/Users/calcantv/.m2/repository/org/seleniumhq/selenium/selenium-remote-driver/4.14.1/selenium-remote-driver-4.14.1.jar:/Users/calcantv/.m2/repository/io/opentelemetry/opentelemetry-api/1.28.0/opentelemetry-api-1.28.0.jar:/Users/calcantv/.m2/repository/io/opentelemetry/opentelemetry-context/1.28.0/opentelemetry-context-1.28.0.jar:/Users/calcantv/.m2/repository/io/opentelemetry/opentelemetry-exporter-logging/1.28.0/opentelemetry-exporter-logging-1.28.0.jar:/Users/calcantv/.m2/repository/io/opentelemetry/opentelemetry-sdk-metrics/1.28.0/opentelemetry-sdk-metrics-1.28.0.jar:/Users/calcantv/.m2/repository/io/opentelemetry/opentelemetry-extension-incubator/1.28.0-alpha/opentelemetry-extension-incubator-1.28.0-alpha.jar:/Users/calcantv/.m2/repository/io/opentelemetry/opentelemetry-sdk-logs/1.28.0/opentelemetry-sdk-logs-1.28.0.jar:/Users/calcantv/.m2/repository/io/opentelemetry/opentelemetry-sdk-common/1.28.0/opentelemetry-sdk-common-1.28.0.jar:/Users/calcantv/.m2/repository/io/opentelemetry/opentelemetry-sdk-extension-autoconfigure-spi/1.28.0/opentelemetry-sdk-extension-autoconfigure-spi-1.28.0.jar:/Users/calcantv/.m2/repository/io/opentelemetry/opentelemetry-sdk-extension-autoconfigure/1.28.0/opentelemetry-sdk-extension-autoconfigure-1.28.0.jar:/Users/calcantv/.m2/repository/io/opentelemetry/opentelemetry-api-events/1.28.0-alpha/opentelemetry-api-events-1.28.0-alpha.jar:/Users/calcantv/.m2/repository/io/opentelemetry/opentelemetry-sdk-trace/1.28.0/opentelemetry-sdk-trace-1.28.0.jar:/Users/calcantv/.m2/repository/io/opentelemetry/opentelemetry-sdk/1.28.0/opentelemetry-sdk-1.28.0.jar:/Users/calcantv/.m2/repository/io/opentelemetry/opentelemetry-semconv/1.28.0-alpha/opentelemetry-semconv-1.28.0-alpha.jar:/Users/calcantv/.m2/repository/org/seleniumhq/selenium/selenium-os/4.14.1/selenium-os-4.14.1.jar:/Users/calcantv/.m2/repository/org/apache/commons/commons-exec/1.3/commons-exec-1.3.jar:/Users/calcantv/.m2/repository/org/seleniumhq/selenium/selenium-safari-driver/4.14.1/selenium-safari-driver-4.14.1.jar:/Users/calcantv/.m2/repository/org/seleniumhq/selenium/selenium-api/4.14.1/selenium-api-4.14.1.jar:/Users/calcantv/.m2/repository/org/seleniumhq/selenium/selenium-support/4.14.1/selenium-support-4.14.1.jar:/Users/calcantv/.m2/repository/com/google/auto/service/auto-service-annotations/1.1.1/auto-service-annotations-1.1.1.jar:/Users/calcantv/.m2/repository/org/seleniumhq/selenium/selenium-json/4.14.1/selenium-json-4.14.1.jar:/Users/calcantv/.m2/repository/org/seleniumhq/selenium/selenium-chrome-driver/4.14.1/selenium-chrome-driver-4.14.1.jar:/Users/calcantv/.m2/repository/org/seleniumhq/selenium/selenium-chromium-driver/4.14.1/selenium-chromium-driver-4.14.1.jar:/Users/calcantv/.m2/repository/org/seleniumhq/selenium/selenium-manager/4.14.1/selenium-manager-4.14.1.jar:/Users/calcantv/.m2/repository/org/seleniumhq/selenium/selenium-firefox-driver/4.14.1/selenium-firefox-driver-4.14.1.jar:/Users/calcantv/.m2/repository/org/seleniumhq/selenium/selenium-http/4.14.1/selenium-http-4.14.1.jar:/Users/calcantv/.m2/repository/dev/failsafe/failsafe/3.3.2/failsafe-3.3.2.jar:/Users/calcantv/.m2/repository/org/seleniumhq/selenium/selenium-edge-driver/4.14.1/selenium-edge-driver-4.14.1.jar:/Users/calcantv/.m2/repository/org/seleniumhq/selenium/selenium-ie-driver/4.14.1/selenium-ie-driver-4.14.1.jar:/Users/calcantv/.m2/repository/org/htmlunit/htmlunit/3.7.0/htmlunit-3.7.0.jar:/Users/calcantv/.m2/repository/org/htmlunit/htmlunit-core-js/3.7.0/htmlunit-core-js-3.7.0.jar:/Users/calcantv/.m2/repository/org/htmlunit/neko-htmlunit/3.7.0/neko-htmlunit-3.7.0.jar:/Users/calcantv/.m2/repository/org/htmlunit/htmlunit-cssparser/3.7.0/htmlunit-cssparser-3.7.0.jar:/Users/calcantv/.m2/repository/org/htmlunit/htmlunit-xpath/3.7.0/htmlunit-xpath-3.7.0.jar:/Users/calcantv/.m2/repository/org/brotli/dec/0.1.2/dec-0.1.2.jar:/Users/calcantv/.m2/repository/com/shapesecurity/salvation2/3.0.1/salvation2-3.0.1.jar:/Users/calcantv/.m2/repository/org/eclipse/jetty/websocket/websocket-client/9.4.53.v20231009/websocket-client-9.4.53.v20231009.jar:/Users/calcantv/.m2/repository/org/eclipse/jetty/jetty-client/9.4.53.v20231009/jetty-client-9.4.53.v20231009.jar:/Users/calcantv/.m2/repository/org/eclipse/jetty/jetty-http/9.4.53.v20231009/jetty-http-9.4.53.v20231009.jar:/Users/calcantv/.m2/repository/org/eclipse/jetty/jetty-util/9.4.53.v20231009/jetty-util-9.4.53.v20231009.jar:/Users/calcantv/.m2/repository/org/eclipse/jetty/jetty-io/9.4.53.v20231009/jetty-io-9.4.53.v20231009.jar:/Users/calcantv/.m2/repository/org/eclipse/jetty/websocket/websocket-common/9.4.53.v20231009/websocket-common-9.4.53.v20231009.jar:/Users/calcantv/.m2/repository/org/eclipse/jetty/websocket/websocket-api/9.4.53.v20231009/websocket-api-9.4.53.v20231009.jar:/Users/calcantv/.m2/repository/org/seleniumhq/selenium/htmlunit3-driver/4.14.1/htmlunit3-driver-4.14.1.jar:/Users/calcantv/.m2/repository/io/appium/java-client/9.0.0/java-client-9.0.0.jar:/Users/calcantv/.m2/repository/org/apache/groovy/groovy/4.0.13/groovy-4.0.13.jar:/Users/calcantv/.m2/repository/net/sf/opencsv/opencsv/2.1/opencsv-2.1.jar:/Users/calcantv/.m2/repository/org/apache/commons/commons-lang3/3.13.0/commons-lang3-3.13.0.jar:/Users/calcantv/.m2/repository/org/apache/commons/commons-compress/1.24.0/commons-compress-1.24.0.jar:/Users/calcantv/.m2/repository/org/fluentlenium/fluentlenium-core/0.10.2/fluentlenium-core-0.10.2.jar:/Users/calcantv/.m2/repository/com/jhlabs/filters/2.0.235/filters-2.0.235.jar:/Users/calcantv/.m2/repository/com/paulhammant/ngwebdriver/1.1.6/ngwebdriver-1.1.6.jar:/Users/calcantv/.m2/repository/joda-time/joda-time/2.12.5/joda-time-2.12.5.jar:/Users/calcantv/.m2/repository/org/hamcrest/hamcrest/2.2/hamcrest-2.2.jar:/Users/calcantv/.m2/repository/com/google/jimfs/jimfs/1.3.0/jimfs-1.3.0.jar:/Users/calcantv/.m2/repository/org/mockito/mockito-core/3.3.3/mockito-core-3.3.3.jar:/Users/calcantv/.m2/repository/javax/xml/bind/jaxb-api/2.3.1/jaxb-api-2.3.1.jar:/Users/calcantv/.m2/repository/javax/activation/javax.activation-api/1.2.0/javax.activation-api-1.2.0.jar:/Users/calcantv/.m2/repository/com/sun/xml/bind/jaxb-core/2.3.0.1/jaxb-core-2.3.0.1.jar:/Users/calcantv/.m2/repository/com/sun/xml/bind/jaxb-impl/2.3.3/jaxb-impl-2.3.3.jar:/Users/calcantv/.m2/repository/jakarta/xml/bind/jakarta.xml.bind-api/2.3.3/jakarta.xml.bind-api-2.3.3.jar:/Users/calcantv/.m2/repository/com/sun/activation/jakarta.activation/1.2.2/jakarta.activation-1.2.2.jar:/Users/calcantv/.m2/repository/javax/activation/activation/1.1.1/activation-1.1.1.jar:/Users/calcantv/.m2/repository/net/serenity-bdd/serenity-cucumber/4.0.19/serenity-cucumber-4.0.19.jar:/Users/calcantv/.m2/repository/io/cucumber/cucumber-core/7.14.0/cucumber-core-7.14.0.jar:/Users/calcantv/.m2/repository/io/cucumber/cucumber-gherkin/7.14.0/cucumber-gherkin-7.14.0.jar:/Users/calcantv/.m2/repository/io/cucumber/cucumber-gherkin-messages/7.14.0/cucumber-gherkin-messages-7.14.0.jar:/Users/calcantv/.m2/repository/io/cucumber/gherkin/26.2.0/gherkin-26.2.0.jar:/Users/calcantv/.m2/repository/io/cucumber/messages/22.0.0/messages-22.0.0.jar:/Users/calcantv/.m2/repository/io/cucumber/tag-expressions/5.0.6/tag-expressions-5.0.6.jar:/Users/calcantv/.m2/repository/io/cucumber/cucumber-expressions/16.1.2/cucumber-expressions-16.1.2.jar:/Users/calcantv/.m2/repository/io/cucumber/datatable/7.14.0/datatable-7.14.0.jar:/Users/calcantv/.m2/repository/io/cucumber/cucumber-plugin/7.14.0/cucumber-plugin-7.14.0.jar:/Users/calcantv/.m2/repository/io/cucumber/docstring/7.14.0/docstring-7.14.0.jar:/Users/calcantv/.m2/repository/io/cucumber/html-formatter/20.4.0/html-formatter-20.4.0.jar:/Users/calcantv/.m2/repository/io/cucumber/junit-xml-formatter/0.2.0/junit-xml-formatter-0.2.0.jar:/Users/calcantv/.m2/repository/io/cucumber/ci-environment/9.2.0/ci-environment-9.2.0.jar:/Users/calcantv/.m2/repository/io/cucumber/cucumber-java/7.14.0/cucumber-java-7.14.0.jar:/Users/calcantv/.m2/repository/io/cucumber/cucumber-junit/7.14.0/cucumber-junit-7.14.0.jar:/Users/calcantv/.m2/repository/org/apache/commons/commons-csv/1.5/commons-csv-1.5.jar:/Users/calcantv/.m2/repository/net/serenity-bdd/serenity-screenplay/4.0.19/serenity-screenplay-4.0.19.jar:/Users/calcantv/.m2/repository/net/serenity-bdd/serenity-screenplay-webdriver/4.0.19/serenity-screenplay-webdriver-4.0.19.jar:/Users/calcantv/.m2/repository/net/serenity-bdd/serenity-ensure/4.0.19/serenity-ensure-4.0.19.jar:/Users/calcantv/.m2/repository/org/jetbrains/kotlin/kotlin-stdlib/1.9.0/kotlin-stdlib-1.9.0.jar:/Users/calcantv/.m2/repository/org/jetbrains/kotlin/kotlin-stdlib-common/1.9.0/kotlin-stdlib-common-1.9.0.jar:/Users/calcantv/.m2/repository/org/jetbrains/annotations/13.0/annotations-13.0.jar:/Users/calcantv/.m2/repository/org/junit/platform/junit-platform-launcher/1.8.2/junit-platform-launcher-1.8.2.jar:/Users/calcantv/.m2/repository/org/junit/platform/junit-platform-engine/1.8.2/junit-platform-engine-1.8.2.jar:/Users/calcantv/.m2/repository/org/opentest4j/opentest4j/1.2.0/opentest4j-1.2.0.jar:/Users/calcantv/.m2/repository/org/junit/platform/junit-platform-commons/1.8.2/junit-platform-commons-1.8.2.jar:/Users/calcantv/.m2/repository/org/apiguardian/apiguardian-api/1.1.2/apiguardian-api-1.1.2.jar:/Users/calcantv/.m2/repository/org/junit/jupiter/junit-jupiter-engine/5.8.2/junit-jupiter-engine-5.8.2.jar:/Users/calcantv/.m2/repository/org/junit/jupiter/junit-jupiter-api/5.8.2/junit-jupiter-api-5.8.2.jar:/Users/calcantv/.m2/repository/org/junit/vintage/junit-vintage-engine/5.8.2/junit-vintage-engine-5.8.2.jar:/Users/calcantv/.m2/repository/junit/junit/4.13.2/junit-4.13.2.jar:/Users/calcantv/.m2/repository/org/hamcrest/hamcrest-core/1.3/hamcrest-core-1.3.jar:/Users/calcantv/.m2/repository/ch/qos/logback/logback-classic/1.2.10/logback-classic-1.2.10.jar:/Users/calcantv/.m2/repository/ch/qos/logback/logback-core/1.2.10/logback-core-1.2.10.jar:/Users/calcantv/.m2/repository/org/slf4j/slf4j-api/1.7.32/slf4j-api-1.7.32.jar:/Users/calcantv/.m2/repository/org/assertj/assertj-core/3.23.1/assertj-core-3.23.1.jar:/Users/calcantv/.m2/repository/net/bytebuddy/byte-buddy/1.12.10/byte-buddy-1.12.10.jar:/Users/calcantv/.m2/repository/io/rest-assured/rest-assured/5.3.2/rest-assured-5.3.2.jar:/Users/calcantv/.m2/repository/org/apache/groovy/groovy-xml/4.0.11/groovy-xml-4.0.11.jar:/Users/calcantv/.m2/repository/org/apache/httpcomponents/httpmime/4.5.13/httpmime-4.5.13.jar:/Users/calcantv/.m2/repository/org/ccil/cowan/tagsoup/tagsoup/1.2.1/tagsoup-1.2.1.jar:/Users/calcantv/.m2/repository/io/rest-assured/json-path/5.3.2/json-path-5.3.2.jar:/Users/calcantv/.m2/repository/org/apache/groovy/groovy-json/4.0.11/groovy-json-4.0.11.jar:/Users/calcantv/.m2/repository/io/rest-assured/rest-assured-common/5.3.2/rest-assured-common-5.3.2.jar:/Users/calcantv/.m2/repository/io/rest-assured/xml-path/5.3.2/xml-path-5.3.2.jar:/Users/calcantv/.m2/repository/net/serenity-bdd/serenity-browserstack/4.0.19/serenity-browserstack-4.0.19.jar:/Users/calcantv/.m2/repository/org/apache/httpcomponents/httpcore/4.4.15/httpcore-4.4.15.jar:/Users/calcantv/.m2/repository/com/browserstack/browserstack-local-java/1.0.6/browserstack-local-java-1.0.6.jar:/Users/calcantv/.m2/repository/org/json/json/20230227/json-20230227.jar:"/>
    <property name="sun.cpu.endian" value="little"/>
    <property name="user.home" value="/Users/calcantv"/>
    <property name="user.language" value="en"/>
    <property name="java.specification.vendor" value="Oracle Corporation"/>
    <property name="java.version.date" value="2024-01-16"/>
    <property name="java.home" value="/Library/Java/JavaVirtualMachines/jdk-17.jdk/Contents/Home"/>
    <property name="file.separator" value="/"/>
    <property name="basedir" value="/Users/calcantv/Downloads/qs-lab-mobile-screenplay"/>
    <property name="java.vm.compressedOopsMode" value="Zero based"/>
    <property name="line.separator" value="&#10;"/>
    <property name="java.vm.specification.vendor" value="Oracle Corporation"/>
    <property name="java.specification.name" value="Java Platform API Specification"/>
    <property name="surefire.real.class.path" value="/Users/calcantv/Downloads/qs-lab-mobile-screenplay/target/surefire/surefirebooter-20250109182514474_3.jar"/>
    <property name="java.protocol.handler.pkgs" value="com.google.common"/>
    <property name="sun.management.compiler" value="HotSpot 64-Bit Tiered Compilers"/>
    <property name="java.runtime.version" value="17.0.10+11-LTS-240"/>
    <property name="user.name" value="calcantv"/>
    <property name="path.separator" value=":"/>
    <property name="os.version" value="15.2"/>
    <property name="java.runtime.name" value="Java(TM) SE Runtime Environment"/>
    <property name="file.encoding" value="UTF-8"/>
    <property name="java.vm.name" value="Java HotSpot(TM) 64-Bit Server VM"/>
    <property name="localRepository" value="/Users/calcantv/.m2/repository"/>
    <property name="java.vendor.url.bug" value="https://bugreport.java.com/bugreport/"/>
    <property name="java.io.tmpdir" value="/var/folders/_0/_gtj7gbd11z68pz_kkc3z46h0000gn/T/"/>
    <property name="java.version" value="17.0.10"/>
    <property name="user.dir" value="/Users/calcantv/Downloads/qs-lab-mobile-screenplay"/>
    <property name="os.arch" value="aarch64"/>
    <property name="java.vm.specification.name" value="Java Virtual Machine Specification"/>
    <property name="native.encoding" value="UTF-8"/>
    <property name="java.library.path" value="/Users/calcantv/Library/Java/Extensions:/Library/Java/Extensions:/Network/Library/Java/Extensions:/System/Library/Java/Extensions:/usr/lib/java:."/>
    <property name="java.vm.info" value="mixed mode, sharing"/>
    <property name="java.vendor" value="Oracle Corporation"/>
    <property name="java.vm.version" value="17.0.10+11-LTS-240"/>
    <property name="sun.io.unicode.encoding" value="UnicodeBig"/>
    <property name="java.class.version" value="61.0"/>
  </properties>
  <testcase name="Inicio de sesión exitoso" classname="Login en la aplicación mobile de Saucedemo" time="21.018">
    <system-out><![CDATA[18:25:15.508 [main] DEBUG io.cucumber.core.plugin.SerenityReporter - Running feature from file:///Users/calcantv/Downloads/qs-lab-mobile-screenplay/src/test/resources/features/login.feature
18:25:15.539 [main] INFO  - 

-------------------------------------------------------------------------------------
     _______. _______ .______       _______ .__   __.  __  .___________.____    ____ 
    /       ||   ____||   _  \     |   ____||  \ |  | |  | |           |\   \  /   / 
   |   (----`|  |__   |  |_)  |    |  |__   |   \|  | |  | `---|  |----` \   \/   /  
    \   \    |   __|  |      /     |   __|  |  . `  | |  |     |  |       \_    _/   
.----)   |   |  |____ |  |\  \----.|  |____ |  |\   | |  |     |  |         |  |     
|_______/    |_______|| _| `._____||_______||__| \__| |__|     |__|         |__|    
                                                                                     
 News and tutorials at https://serenity-bdd.info                                     
 Documentation at https://serenity-bdd.github.io                                     
 Test Automation Training and Coaching: https://www.serenity-dojo.com                
 Commercial Support: https://www.serenity-dojo.com/serenity-bdd-enterprise-support   
 Join the Serenity Community on Gitter: https://gitter.im/serenity-bdd/serenity-core 
-------------------------------------------------------------------------------------

18:25:15.543 [main] DEBUG net.thucydides.core.steps.StepEventBus - Test suite started for story net.thucydides.model.domain.Story@c4bded20
18:25:15.545 [main] INFO  - Test Suite Started: Login en la aplicación mobile de Saucedemo
18:25:15.586 [main] DEBUG io.cucumber.core.plugin.SerenityReporter - Running feature from file:///Users/calcantv/Downloads/qs-lab-mobile-screenplay/src/test/resources/features/login.feature
18:25:15.587 [main] DEBUG net.thucydides.core.steps.StepEventBus - Test suite started for story net.thucydides.model.domain.Story@c4bded20
18:25:15.588 [main] INFO  - Test Suite Started: Login en la aplicación mobile de Saucedemo
18:25:15.631 [main] DEBUG io.cucumber.core.plugin.SerenityReporter - Running feature from file:///Users/calcantv/Downloads/qs-lab-mobile-screenplay/src/test/resources/features/login.feature
18:25:15.685 [main] INFO  - 
  _____   ___   ___   _____     ___   _____     _     ___   _____   ___   ___  
 |_   _| | __| / __| |_   _|   / __| |_   _|   /_\   | _ \ |_   _| | __| |   \ 
   | |   | _|  \__ \   | |     \__ \   | |    / _ \  |   /   | |   | _|  | |) |
   |_|   |___| |___/   |_|     |___/   |_|   /_/ \_\ |_|_\   |_|   |___| |___/ 

Inicio de sesión exitoso(login-en-la-aplicación-mobile-de-saucedemo;inicio-de-sesión-exitoso)
--------------------------------------------------------------------------------
18:25:26.078 [main] DEBUG net.serenitybdd.core.photography.Darkroom - Opening darkroom
18:25:26.084 [Darkroom Processing Line] DEBUG net.serenitybdd.core.photography.DarkroomProcessingLine - Darkroom processing line starting up
18:25:27.752 [main] DEBUG net.serenitybdd.core.photography.Darkroom - Send negative for processing for /Users/calcantv/Downloads/qs-lab-mobile-screenplay/target/site/serenity/8e4b3d079eb784e424889df9337930cb9728b013876d83b7469507681863488e.png
18:25:27.753 [Darkroom Processing Line] DEBUG net.serenitybdd.core.photography.DarkroomProcessingLine - Processing screenshot image in /var/screenshots/screenshot-8500519264475457809
18:25:27.753 [Darkroom Processing Line] DEBUG net.serenitybdd.core.photography.DarkroomProcessingLine - Saving screenshot to /Users/calcantv/Downloads/qs-lab-mobile-screenplay/target/site/serenity/8e4b3d079eb784e424889df9337930cb9728b013876d83b7469507681863488e.png
18:25:29.295 [main] DEBUG net.serenitybdd.core.photography.Darkroom - Send negative for processing for /Users/calcantv/Downloads/qs-lab-mobile-screenplay/target/site/serenity/c84cdd388174a14cde9f79a211353fd00eb96cd839df291763a95aac523f121e.png
18:25:29.296 [Darkroom Processing Line] DEBUG net.serenitybdd.core.photography.DarkroomProcessingLine - Processing screenshot image in /var/screenshots/screenshot-10347741162402088552
18:25:29.296 [Darkroom Processing Line] DEBUG net.serenitybdd.core.photography.DarkroomProcessingLine - Saving screenshot to /Users/calcantv/Downloads/qs-lab-mobile-screenplay/target/site/serenity/c84cdd388174a14cde9f79a211353fd00eb96cd839df291763a95aac523f121e.png
18:25:29.355 [main] DEBUG net.thucydides.core.steps.StepInterceptor - STARTING STEP: StepInterceptor.testContext - {0} realiza el login en la aplicación
18:25:30.149 [main] DEBUG net.serenitybdd.core.photography.Darkroom - Send negative for processing for /Users/calcantv/Downloads/qs-lab-mobile-screenplay/target/site/serenity/47248cfa82b68e3de20784e9badfc8309fb3937f0efc3f1cc5cd13536b1ed8a6.png
18:25:30.150 [Darkroom Processing Line] DEBUG net.serenitybdd.core.photography.DarkroomProcessingLine - Processing screenshot image in /var/screenshots/screenshot-9293502855341916005
18:25:30.150 [Darkroom Processing Line] DEBUG net.serenitybdd.core.photography.DarkroomProcessingLine - Saving screenshot to /Users/calcantv/Downloads/qs-lab-mobile-screenplay/target/site/serenity/47248cfa82b68e3de20784e9badfc8309fb3937f0efc3f1cc5cd13536b1ed8a6.png
18:25:30.150 [main] DEBUG net.thucydides.core.steps.StepInterceptor - STARTING STEP: StepInterceptor.testContext - {0} enters #theTextAsAString into #target
18:25:30.202 [main] DEBUG net.serenitybdd.screenplay.targets.IFrameSwitcher - default content already selected for Campo usuario
18:25:32.038 [main] DEBUG net.serenitybdd.core.photography.Darkroom - Send negative for processing for /Users/calcantv/Downloads/qs-lab-mobile-screenplay/target/site/serenity/9d5a182c72301d717268536bae1a155ac4d9cef998532ddab4b632b23fca3464.png
18:25:32.040 [Darkroom Processing Line] DEBUG net.serenitybdd.core.photography.DarkroomProcessingLine - Processing screenshot image in /var/screenshots/screenshot-5819577873454983930
18:25:32.041 [Darkroom Processing Line] DEBUG net.serenitybdd.core.photography.DarkroomProcessingLine - Saving screenshot to /Users/calcantv/Downloads/qs-lab-mobile-screenplay/target/site/serenity/9d5a182c72301d717268536bae1a155ac4d9cef998532ddab4b632b23fca3464.png
18:25:32.041 [main] DEBUG net.thucydides.core.steps.StepInterceptor - STEP DONE: {0} enters #theTextAsAString into #target
18:25:32.048 [main] DEBUG net.thucydides.core.steps.StepInterceptor - STARTING STEP: StepInterceptor.testContext - {0} enters #theTextAsAString into #target
18:25:32.056 [main] DEBUG net.serenitybdd.screenplay.targets.IFrameSwitcher - default content already selected for Campo contraseña
18:25:32.979 [main] DEBUG net.serenitybdd.core.photography.Darkroom - Send negative for processing for /Users/calcantv/Downloads/qs-lab-mobile-screenplay/target/site/serenity/402a16ae51e670274d5138d5efcaf48f51499520dc33fe06126b5784d6d679b5.png
18:25:32.979 [Darkroom Processing Line] DEBUG net.serenitybdd.core.photography.DarkroomProcessingLine - Processing screenshot image in /var/screenshots/screenshot-17635057473573257058
18:25:32.979 [Darkroom Processing Line] DEBUG net.serenitybdd.core.photography.DarkroomProcessingLine - Saving screenshot to /Users/calcantv/Downloads/qs-lab-mobile-screenplay/target/site/serenity/402a16ae51e670274d5138d5efcaf48f51499520dc33fe06126b5784d6d679b5.png
18:25:32.980 [main] DEBUG net.thucydides.core.steps.StepInterceptor - STEP DONE: {0} enters #theTextAsAString into #target
18:25:32.983 [main] DEBUG net.thucydides.core.steps.StepInterceptor - STARTING STEP: StepInterceptor.testContext - {0} clicks on #target
18:25:32.987 [main] DEBUG net.serenitybdd.screenplay.targets.IFrameSwitcher - default content already selected for Botón login
18:25:33.655 [main] DEBUG net.serenitybdd.core.photography.Darkroom - Send negative for processing for /Users/calcantv/Downloads/qs-lab-mobile-screenplay/target/site/serenity/402a16ae51e670274d5138d5efcaf48f51499520dc33fe06126b5784d6d679b5.png
18:25:33.656 [main] DEBUG net.thucydides.core.steps.StepInterceptor - STEP DONE: {0} clicks on #target
18:25:33.660 [main] DEBUG net.thucydides.core.steps.StepInterceptor - STEP DONE: {0} realiza el login en la aplicación
18:25:34.834 [main] DEBUG net.serenitybdd.core.photography.Darkroom - Send negative for processing for /Users/calcantv/Downloads/qs-lab-mobile-screenplay/target/site/serenity/513930a6770259a9678fd569bdcba3a5246d9d846ff5cb27081e80228a33f534.png
18:25:34.837 [Darkroom Processing Line] DEBUG net.serenitybdd.core.photography.DarkroomProcessingLine - Processing screenshot image in /var/screenshots/screenshot-9081697071912163904
18:25:34.837 [Darkroom Processing Line] DEBUG net.serenitybdd.core.photography.DarkroomProcessingLine - Saving screenshot to /Users/calcantv/Downloads/qs-lab-mobile-screenplay/target/site/serenity/513930a6770259a9678fd569bdcba3a5246d9d846ff5cb27081e80228a33f534.png
18:25:34.853 [main] DEBUG net.serenitybdd.screenplay.targets.IFrameSwitcher - default content already selected for Título productos
18:25:36.205 [main] DEBUG net.serenitybdd.core.photography.Darkroom - Send negative for processing for /Users/calcantv/Downloads/qs-lab-mobile-screenplay/target/site/serenity/255469e3c2dc3312641cd79e15686ae726baa0e4b6e0bde532a5e2b19353398c.png
18:25:36.205 [Darkroom Processing Line] DEBUG net.serenitybdd.core.photography.DarkroomProcessingLine - Processing screenshot image in /var/screenshots/screenshot-4540197051997171862
18:25:36.205 [Darkroom Processing Line] DEBUG net.serenitybdd.core.photography.DarkroomProcessingLine - Saving screenshot to /Users/calcantv/Downloads/qs-lab-mobile-screenplay/target/site/serenity/255469e3c2dc3312641cd79e15686ae726baa0e4b6e0bde532a5e2b19353398c.png
18:25:36.215 [main] INFO  - 
  _____   ___   ___   _____     ___     _     ___   ___   ___   ___  
 |_   _| | __| / __| |_   _|   | _ \   /_\   / __| / __| | __| |   \ 
   | |   | _|  \__ \   | |     |  _/  / _ \  \__ \ \__ \ | _|  | |) |
   |_|   |___| |___/   |_|     |_|   /_/ \_\ |___/ |___/ |___| |___/ 

Inicio de sesión exitoso
----------------------------------------------------------------------
]]></system-out>
  </testcase>
  <testcase name="Inicio de sesión con usuario bloqueado" classname="Login en la aplicación mobile de Saucedemo" time="17.646">
    <system-out><![CDATA[18:25:36.614 [main] DEBUG io.cucumber.core.plugin.SerenityReporter - Running feature from file:///Users/calcantv/Downloads/qs-lab-mobile-screenplay/src/test/resources/features/login.feature
18:25:36.615 [main] INFO  - 
  _____   ___   ___   _____     ___   _____     _     ___   _____   ___   ___  
 |_   _| | __| / __| |_   _|   / __| |_   _|   /_\   | _ \ |_   _| | __| |   \ 
   | |   | _|  \__ \   | |     \__ \   | |    / _ \  |   /   | |   | _|  | |) |
   |_|   |___| |___/   |_|     |___/   |_|   /_/ \_\ |_|_\   |_|   |___| |___/ 

Inicio de sesión con usuario bloqueado(login-en-la-aplicación-mobile-de-saucedemo;inicio-de-sesión-con-usuario-bloqueado)
--------------------------------------------------------------------------------
18:25:49.341 [main] DEBUG net.serenitybdd.core.photography.Darkroom - Send negative for processing for /Users/calcantv/Downloads/qs-lab-mobile-screenplay/target/site/serenity/289435a2780d6252c440043c6b57937694d92054f6e29b4de44f21e3a076e557.png
18:25:49.348 [Darkroom Processing Line] DEBUG net.serenitybdd.core.photography.DarkroomProcessingLine - Processing screenshot image in /var/screenshots/screenshot-4898190991062561425
18:25:49.348 [Darkroom Processing Line] DEBUG net.serenitybdd.core.photography.DarkroomProcessingLine - Saving screenshot to /Users/calcantv/Downloads/qs-lab-mobile-screenplay/target/site/serenity/289435a2780d6252c440043c6b57937694d92054f6e29b4de44f21e3a076e557.png
18:25:49.360 [main] DEBUG net.thucydides.core.steps.StepInterceptor - STARTING STEP: StepInterceptor.testContext - {0} realiza el login en la aplicación
18:25:49.370 [main] DEBUG net.thucydides.core.steps.StepInterceptor - STARTING STEP: StepInterceptor.testContext - {0} enters #theTextAsAString into #target
18:25:49.378 [main] DEBUG net.serenitybdd.screenplay.targets.IFrameSwitcher - default content already selected for Campo usuario
18:25:51.630 [main] DEBUG net.serenitybdd.core.photography.Darkroom - Send negative for processing for /Users/calcantv/Downloads/qs-lab-mobile-screenplay/target/site/serenity/6d3bc9259fd7047a25c15522edd0fdfe7998b33b559813f088b52b77874daf61.png
18:25:51.630 [Darkroom Processing Line] DEBUG net.serenitybdd.core.photography.DarkroomProcessingLine - Processing screenshot image in /var/screenshots/screenshot-2789043284586037243
18:25:51.630 [Darkroom Processing Line] DEBUG net.serenitybdd.core.photography.DarkroomProcessingLine - Saving screenshot to /Users/calcantv/Downloads/qs-lab-mobile-screenplay/target/site/serenity/6d3bc9259fd7047a25c15522edd0fdfe7998b33b559813f088b52b77874daf61.png
18:25:51.630 [main] DEBUG net.thucydides.core.steps.StepInterceptor - STEP DONE: {0} enters #theTextAsAString into #target
18:25:51.633 [main] DEBUG net.thucydides.core.steps.StepInterceptor - STARTING STEP: StepInterceptor.testContext - {0} enters #theTextAsAString into #target
18:25:51.637 [main] DEBUG net.serenitybdd.screenplay.targets.IFrameSwitcher - default content already selected for Campo contraseña
18:25:52.666 [main] DEBUG net.serenitybdd.core.photography.Darkroom - Send negative for processing for /Users/calcantv/Downloads/qs-lab-mobile-screenplay/target/site/serenity/3971da7546164bffe8d6574c675acbe9bb0999802b15a44cd5554a3614202b33.png
18:25:52.666 [Darkroom Processing Line] DEBUG net.serenitybdd.core.photography.DarkroomProcessingLine - Processing screenshot image in /var/screenshots/screenshot-10612444562253445345
18:25:52.666 [Darkroom Processing Line] DEBUG net.serenitybdd.core.photography.DarkroomProcessingLine - Saving screenshot to /Users/calcantv/Downloads/qs-lab-mobile-screenplay/target/site/serenity/3971da7546164bffe8d6574c675acbe9bb0999802b15a44cd5554a3614202b33.png
18:25:52.666 [main] DEBUG net.thucydides.core.steps.StepInterceptor - STEP DONE: {0} enters #theTextAsAString into #target
18:25:52.672 [main] DEBUG net.thucydides.core.steps.StepInterceptor - STARTING STEP: StepInterceptor.testContext - {0} clicks on #target
18:25:52.676 [main] DEBUG net.serenitybdd.screenplay.targets.IFrameSwitcher - default content already selected for Botón login
18:25:53.531 [main] DEBUG net.serenitybdd.core.photography.Darkroom - Send negative for processing for /Users/calcantv/Downloads/qs-lab-mobile-screenplay/target/site/serenity/564f4842073d8fd3617eab5708fbd2fce847ac1734b57552983e9cd6e724bbfc.png
18:25:53.531 [main] DEBUG net.thucydides.core.steps.StepInterceptor - STEP DONE: {0} clicks on #target
18:25:53.531 [Darkroom Processing Line] DEBUG net.serenitybdd.core.photography.DarkroomProcessingLine - Processing screenshot image in /var/screenshots/screenshot-3156401846803405242
18:25:53.531 [Darkroom Processing Line] DEBUG net.serenitybdd.core.photography.DarkroomProcessingLine - Saving screenshot to /Users/calcantv/Downloads/qs-lab-mobile-screenplay/target/site/serenity/564f4842073d8fd3617eab5708fbd2fce847ac1734b57552983e9cd6e724bbfc.png
18:25:53.533 [main] DEBUG net.thucydides.core.steps.StepInterceptor - STEP DONE: {0} realiza el login en la aplicación
18:25:53.545 [main] DEBUG net.serenitybdd.screenplay.targets.IFrameSwitcher - default content already selected for Mensaje de error
18:25:53.940 [main] DEBUG net.serenitybdd.core.photography.Darkroom - Send negative for processing for /Users/calcantv/Downloads/qs-lab-mobile-screenplay/target/site/serenity/90170028384bdc64b40ad448a3f171d071b8f9d75d200f3c371f46e5dff46bce.png
18:25:53.940 [Darkroom Processing Line] DEBUG net.serenitybdd.core.photography.DarkroomProcessingLine - Processing screenshot image in /var/screenshots/screenshot-17015095813548019596
18:25:53.940 [Darkroom Processing Line] DEBUG net.serenitybdd.core.photography.DarkroomProcessingLine - Saving screenshot to /Users/calcantv/Downloads/qs-lab-mobile-screenplay/target/site/serenity/90170028384bdc64b40ad448a3f171d071b8f9d75d200f3c371f46e5dff46bce.png
18:25:53.942 [main] INFO  - 
  _____   ___   ___   _____     ___     _     ___   ___   ___   ___  
 |_   _| | __| / __| |_   _|   | _ \   /_\   / __| / __| | __| |   \ 
   | |   | _|  \__ \   | |     |  _/  / _ \  \__ \ \__ \ | _|  | |) |
   |_|   |___| |___/   |_|     |_|   /_/ \_\ |___/ |___/ |___| |___/ 

Inicio de sesión con usuario bloqueado
----------------------------------------------------------------------
]]></system-out>
  </testcase>
</testsuite>